INFO:main.py:config content below at line 14
INFO:main.py:{'model_params': {'input_features': 784, 'output_features': 10, 'to_validate': True, 'batch_size': 100, 'keywithseqvals': [1, 2, 3, 'hello', 'deepak'], 'boolFlag': False}, 'hyperparameters': {'learning_rate': 0.001, 'epochs': 1000}, 'project_params': {'model_save_location': None}, 'logging': {'filename': 'self_training_mnist.log', 'level': 'DEBUG', 'format': '%(levelname)s:%(filename)s:%(message)s at line %(lineno)s'}} at line 15
INFO:main.py:loading MNIST dataset at line 26
INFO:main.py:loaded MNIST dataset at line 30
INFO:main.py:preparing data loader at line 33
INFO:main.py:prepared data loader at line 36
INFO:main.py:processing on: cpu at line 40
DEBUG:main.py:1383.5548918247223 at line 90
DEBUG:main.py:1383.0075206756592 at line 90
DEBUG:main.py:1382.4985466003418 at line 90
DEBUG:main.py:1382.0350179672241 at line 90
INFO:main.py:config content below at line 15
INFO:main.py:{'model_params': {'input_features': 784, 'output_features': 10, 'to_validate': True, 'batch_size': 100, 'keywithseqvals': [1, 2, 3, 'hello', 'deepak'], 'boolFlag': False}, 'hyperparameters': {'learning_rate': 0.001, 'epochs': 2}, 'project_params': {'model_save_location': None}, 'logging': {'filename': 'self_training_mnist.log', 'level': 'DEBUG', 'format': '%(levelname)s:%(filename)s:%(message)s at line %(lineno)s'}} at line 16
INFO:main.py:loading MNIST dataset at line 27
INFO:main.py:loaded MNIST dataset at line 31
INFO:main.py:preparing data loader at line 34
INFO:main.py:prepared data loader at line 37
INFO:main.py:processing on: cpu at line 41
DEBUG:main.py:1382.9117662906647 at line 94
DEBUG:main.py:1382.5641088485718 at line 94
DEBUG:_base.py:update_title_pos at line 2515
DEBUG:font_manager.py:findfont: Matching :family=sans-serif:style=normal:variant=normal:weight=normal:stretch=normal:size=10.0 to DejaVu Sans ('/home/deepak/anaconda3/envs/dev/lib/python3.7/site-packages/matplotlib/mpl-data/fonts/ttf/DejaVuSans.ttf') with score of 0.050000. at line 1254
